0 info it worked if it ends with ok
1 verbose cli [ '/Users/arturocoronel/.nvm/versions/node/v6.3.0/bin/node',
1 verbose cli   '/Users/arturocoronel/.nvm/versions/node/v6.3.0/bin/npm',
1 verbose cli   'run',
1 verbose cli   'watch-css' ]
2 info using npm@3.10.8
3 info using node@v6.3.0
4 verbose run-script [ 'prewatch-css', 'watch-css', 'postwatch-css' ]
5 info lifecycle raji-net-frontend@0.1.0~prewatch-css: raji-net-frontend@0.1.0
6 silly lifecycle raji-net-frontend@0.1.0~prewatch-css: no script for prewatch-css, continuing
7 info lifecycle raji-net-frontend@0.1.0~watch-css: raji-net-frontend@0.1.0
8 verbose lifecycle raji-net-frontend@0.1.0~watch-css: unsafe-perm in lifecycle true
9 verbose lifecycle raji-net-frontend@0.1.0~watch-css: PATH: /Users/arturocoronel/.nvm/versions/node/v6.3.0/lib/node_modules/npm/bin/node-gyp-bin:/Users/arturocoronel/Documents/Repositories/raji-net-frontend/node_modules/.bin:/Users/arturocoronel/.nvm/versions/node/v6.3.0/lib/node_modules/npm/bin/node-gyp-bin:/Users/arturocoronel/Documents/Repositories/raji-net-frontend/node_modules/.bin:/Users/arturocoronel/.rvm/gems/ruby-2.3.1/bin:/Users/arturocoronel/.rvm/gems/ruby-2.3.1@global/bin:/Users/arturocoronel/.rvm/rubies/ruby-2.3.1/bin:/Users/arturocoronel/custom-bin:/Users/arturocoronel/.nvm/versions/node/v6.3.0/bin:/usr/local/bin:/usr/bin:/bin:/usr/sbin:/sbin:/usr/local/share/dotnet:/usr/local/go/bin:/Users/arturocoronel/.rvm/bin
10 verbose lifecycle raji-net-frontend@0.1.0~watch-css: CWD: /Users/arturocoronel/Documents/Repositories/raji-net-frontend
11 silly lifecycle raji-net-frontend@0.1.0~watch-css: Args: [ '-c', 'node-sass src/index.scss src/index.css -w' ]
12 silly lifecycle raji-net-frontend@0.1.0~watch-css: Returned: code: 1  signal: null
13 info lifecycle raji-net-frontend@0.1.0~watch-css: Failed to exec watch-css script
14 verbose stack Error: raji-net-frontend@0.1.0 watch-css: `node-sass src/index.scss src/index.css -w`
14 verbose stack Exit status 1
14 verbose stack     at EventEmitter.<anonymous> (/Users/arturocoronel/.nvm/versions/node/v6.3.0/lib/node_modules/npm/lib/utils/lifecycle.js:255:16)
14 verbose stack     at emitTwo (events.js:106:13)
14 verbose stack     at EventEmitter.emit (events.js:191:7)
14 verbose stack     at ChildProcess.<anonymous> (/Users/arturocoronel/.nvm/versions/node/v6.3.0/lib/node_modules/npm/lib/utils/spawn.js:40:14)
14 verbose stack     at emitTwo (events.js:106:13)
14 verbose stack     at ChildProcess.emit (events.js:191:7)
14 verbose stack     at maybeClose (internal/child_process.js:852:16)
14 verbose stack     at Process.ChildProcess._handle.onexit (internal/child_process.js:215:5)
15 verbose pkgid raji-net-frontend@0.1.0
16 verbose cwd /Users/arturocoronel/Documents/Repositories/raji-net-frontend
17 error Darwin 16.1.0
18 error argv "/Users/arturocoronel/.nvm/versions/node/v6.3.0/bin/node" "/Users/arturocoronel/.nvm/versions/node/v6.3.0/bin/npm" "run" "watch-css"
19 error node v6.3.0
20 error npm  v3.10.8
21 error code ELIFECYCLE
22 error raji-net-frontend@0.1.0 watch-css: `node-sass src/index.scss src/index.css -w`
22 error Exit status 1
23 error Failed at the raji-net-frontend@0.1.0 watch-css script 'node-sass src/index.scss src/index.css -w'.
23 error Make sure you have the latest version of node.js and npm installed.
23 error If you do, this is most likely a problem with the raji-net-frontend package,
23 error not with npm itself.
23 error Tell the author that this fails on your system:
23 error     node-sass src/index.scss src/index.css -w
23 error You can get information on how to open an issue for this project with:
23 error     npm bugs raji-net-frontend
23 error Or if that isn't available, you can get their info via:
23 error     npm owner ls raji-net-frontend
23 error There is likely additional logging output above.
24 verbose exit [ 1, true ]
